Analysis & Synthesis report for project3
Wed Apr  3 05:10:51 2024
Quartus Prime Version 23.1std.0 Build 991 11/28/2023 SC Lite Edition


---------------------
; Table of Contents ;
---------------------
  1. Legal Notice
  2. Analysis & Synthesis Summary
  3. Analysis & Synthesis Settings
  4. Parallel Compilation
  5. Analysis & Synthesis Messages



----------------
; Legal Notice ;
----------------
Copyright (C) 2023  Intel Corporation. All rights reserved.
Your use of Intel Corporation's design tools, logic functions 
and other software and tools, and any partner logic 
functions, and any output files from any of the foregoing 
(including device programming or simulation files), and any 
associated documentation or information are expressly subject 
to the terms and conditions of the Intel Program License 
Subscription Agreement, the Intel Quartus Prime License Agreement,
the Intel FPGA IP License Agreement, or other applicable license
agreement, including, without limitation, that your use is for
the sole purpose of programming logic devices manufactured by
Intel and sold by Intel or its authorized distributors.  Please
refer to the applicable agreement for further details, at
https://fpgasoftware.intel.com/eula.



+-------------------------------------------------------------------------------------+
; Analysis & Synthesis Summary                                                        ;
+------------------------------------+------------------------------------------------+
; Analysis & Synthesis Status        ; Failed - Wed Apr  3 05:10:51 2024              ;
; Quartus Prime Version              ; 23.1std.0 Build 991 11/28/2023 SC Lite Edition ;
; Revision Name                      ; project3                                       ;
; Top-level Entity Name              ; TopLevel                                       ;
; Family                             ; MAX 10                                         ;
; Total logic elements               ; N/A until Partition Merge                      ;
;     Total combinational functions  ; N/A until Partition Merge                      ;
;     Dedicated logic registers      ; N/A until Partition Merge                      ;
; Total registers                    ; N/A until Partition Merge                      ;
; Total pins                         ; N/A until Partition Merge                      ;
; Total virtual pins                 ; N/A until Partition Merge                      ;
; Total memory bits                  ; N/A until Partition Merge                      ;
; Embedded Multiplier 9-bit elements ; N/A until Partition Merge                      ;
; Total PLLs                         ; N/A until Partition Merge                      ;
; UFM blocks                         ; N/A until Partition Merge                      ;
; ADC blocks                         ; N/A until Partition Merge                      ;
+------------------------------------+------------------------------------------------+


+------------------------------------------------------------------------------------------------------------+
; Analysis & Synthesis Settings                                                                              ;
+------------------------------------------------------------------+--------------------+--------------------+
; Option                                                           ; Setting            ; Default Value      ;
+------------------------------------------------------------------+--------------------+--------------------+
; Device                                                           ; 10M50DAF484C6GES   ;                    ;
; Top-level entity name                                            ; TopLevel           ; project3           ;
; Family name                                                      ; MAX 10             ; Cyclone V          ;
; Use smart compilation                                            ; Off                ; Off                ;
; Enable parallel Assembler and Timing Analyzer during compilation ; On                 ; On                 ;
; Enable compact report table                                      ; Off                ; Off                ;
; Restructure Multiplexers                                         ; Auto               ; Auto               ;
; Create Debugging Nodes for IP Cores                              ; Off                ; Off                ;
; Preserve fewer node names                                        ; On                 ; On                 ;
; Intel FPGA IP Evaluation Mode                                    ; Enable             ; Enable             ;
; Verilog Version                                                  ; Verilog_2001       ; Verilog_2001       ;
; VHDL Version                                                     ; VHDL_1993          ; VHDL_1993          ;
; State Machine Processing                                         ; Auto               ; Auto               ;
; Safe State Machine                                               ; Off                ; Off                ;
; Extract Verilog State Machines                                   ; On                 ; On                 ;
; Extract VHDL State Machines                                      ; On                 ; On                 ;
; Ignore Verilog initial constructs                                ; Off                ; Off                ;
; Iteration limit for constant Verilog loops                       ; 5000               ; 5000               ;
; Iteration limit for non-constant Verilog loops                   ; 250                ; 250                ;
; Add Pass-Through Logic to Inferred RAMs                          ; On                 ; On                 ;
; Infer RAMs from Raw Logic                                        ; On                 ; On                 ;
; Parallel Synthesis                                               ; On                 ; On                 ;
; DSP Block Balancing                                              ; Auto               ; Auto               ;
; NOT Gate Push-Back                                               ; On                 ; On                 ;
; Power-Up Don't Care                                              ; On                 ; On                 ;
; Remove Redundant Logic Cells                                     ; Off                ; Off                ;
; Remove Duplicate Registers                                       ; On                 ; On                 ;
; Ignore CARRY Buffers                                             ; Off                ; Off                ;
; Ignore CASCADE Buffers                                           ; Off                ; Off                ;
; Ignore GLOBAL Buffers                                            ; Off                ; Off                ;
; Ignore ROW GLOBAL Buffers                                        ; Off                ; Off                ;
; Ignore LCELL Buffers                                             ; Off                ; Off                ;
; Ignore SOFT Buffers                                              ; On                 ; On                 ;
; Limit AHDL Integers to 32 Bits                                   ; Off                ; Off                ;
; Optimization Technique                                           ; Balanced           ; Balanced           ;
; Carry Chain Length                                               ; 70                 ; 70                 ;
; Auto Carry Chains                                                ; On                 ; On                 ;
; Auto Open-Drain Pins                                             ; On                 ; On                 ;
; Perform WYSIWYG Primitive Resynthesis                            ; Off                ; Off                ;
; Auto ROM Replacement                                             ; On                 ; On                 ;
; Auto RAM Replacement                                             ; On                 ; On                 ;
; Auto DSP Block Replacement                                       ; On                 ; On                 ;
; Auto Shift Register Replacement                                  ; Auto               ; Auto               ;
; Allow Shift Register Merging across Hierarchies                  ; Auto               ; Auto               ;
; Auto Clock Enable Replacement                                    ; On                 ; On                 ;
; Strict RAM Replacement                                           ; Off                ; Off                ;
; Allow Synchronous Control Signals                                ; On                 ; On                 ;
; Force Use of Synchronous Clear Signals                           ; Off                ; Off                ;
; Auto RAM Block Balancing                                         ; On                 ; On                 ;
; Auto RAM to Logic Cell Conversion                                ; Off                ; Off                ;
; Auto Resource Sharing                                            ; Off                ; Off                ;
; Allow Any RAM Size For Recognition                               ; Off                ; Off                ;
; Allow Any ROM Size For Recognition                               ; Off                ; Off                ;
; Allow Any Shift Register Size For Recognition                    ; Off                ; Off                ;
; Use LogicLock Constraints during Resource Balancing              ; On                 ; On                 ;
; Ignore translate_off and synthesis_off directives                ; Off                ; Off                ;
; Timing-Driven Synthesis                                          ; On                 ; On                 ;
; Report Parameter Settings                                        ; On                 ; On                 ;
; Report Source Assignments                                        ; On                 ; On                 ;
; Report Connectivity Checks                                       ; On                 ; On                 ;
; Ignore Maximum Fan-Out Assignments                               ; Off                ; Off                ;
; Synchronization Register Chain Length                            ; 2                  ; 2                  ;
; Power Optimization During Synthesis                              ; Normal compilation ; Normal compilation ;
; HDL message level                                                ; Level2             ; Level2             ;
; Suppress Register Optimization Related Messages                  ; Off                ; Off                ;
; Number of Removed Registers Reported in Synthesis Report         ; 5000               ; 5000               ;
; Number of Swept Nodes Reported in Synthesis Report               ; 5000               ; 5000               ;
; Number of Inverted Registers Reported in Synthesis Report        ; 100                ; 100                ;
; Clock MUX Protection                                             ; On                 ; On                 ;
; Auto Gated Clock Conversion                                      ; Off                ; Off                ;
; Block Design Naming                                              ; Auto               ; Auto               ;
; SDC constraint protection                                        ; Off                ; Off                ;
; Synthesis Effort                                                 ; Auto               ; Auto               ;
; Shift Register Replacement - Allow Asynchronous Clear Signal     ; On                 ; On                 ;
; Pre-Mapping Resynthesis Optimization                             ; Off                ; Off                ;
; Analysis & Synthesis Message Level                               ; Medium             ; Medium             ;
; Disable Register Merging Across Hierarchies                      ; Auto               ; Auto               ;
; Resource Aware Inference For Block RAM                           ; On                 ; On                 ;
+------------------------------------------------------------------+--------------------+--------------------+


+------------------------------------------+
; Parallel Compilation                     ;
+----------------------------+-------------+
; Processors                 ; Number      ;
+----------------------------+-------------+
; Number detected on machine ; 16          ;
; Maximum allowed            ; 8           ;
;                            ;             ;
; Average used               ; 1.00        ;
; Maximum used               ; 1           ;
;                            ;             ;
; Usage by Processor         ; % Time Used ;
;     Processor 1            ; 100.0%      ;
+----------------------------+-------------+


+-------------------------------+
; Analysis & Synthesis Messages ;
+-------------------------------+
Info: *******************************************************************
Info: Running Quartus Prime Analysis & Synthesis
    Info: Version 23.1std.0 Build 991 11/28/2023 SC Lite Edition
    Info: Processing started: Wed Apr  3 05:10:42 2024
Info: Command: quartus_map --read_settings_files=on --write_settings_files=off project3 -c project3
Warning (18236): Number of processors has not been specified which may cause overloading on shared machines.  Set the global assignment NUM_PARALLEL_PROCESSORS in your QSF to an appropriate value for best performance.
Info (20030): Parallel compilation is enabled and will use 8 of the 8 processors detected
Info (12021): Found 2 design units, including 1 entities, in source file /users/luis d. pena mateo/onedrive/master/spring2024/github/eece5500/project3/ip/pll.vhd
    Info (12022): Found design unit 1: pll-SYN File: C:/Users/Luis D. Pena Mateo/OneDrive/Master/Spring2024/GIthub/eece5500/project3/ip/PLL.vhd Line: 52
    Info (12023): Found entity 1: PLL File: C:/Users/Luis D. Pena Mateo/OneDrive/Master/Spring2024/GIthub/eece5500/project3/ip/PLL.vhd Line: 43
Info (12021): Found 2 design units, including 1 entities, in source file /users/luis d. pena mateo/onedrive/master/spring2024/github/eece5500/project3/src/truedualportram.vhd
    Info (12022): Found design unit 1: TrueDualPortRAM-rtl File: C:/Users/Luis D. Pena Mateo/OneDrive/Master/Spring2024/GIthub/eece5500/project3/src/TrueDualPortRAM.vhd Line: 35
    Info (12023): Found entity 1: TrueDualPortRAM File: C:/Users/Luis D. Pena Mateo/OneDrive/Master/Spring2024/GIthub/eece5500/project3/src/TrueDualPortRAM.vhd Line: 11
Info (12021): Found 2 design units, including 1 entities, in source file /users/luis d. pena mateo/onedrive/master/spring2024/github/eece5500/project3/src/toplevel.vhd
    Info (12022): Found design unit 1: TopLevel-behavior File: C:/Users/Luis D. Pena Mateo/OneDrive/Master/Spring2024/GIthub/eece5500/project3/src/TopLevel.vhd Line: 21
    Info (12023): Found entity 1: TopLevel File: C:/Users/Luis D. Pena Mateo/OneDrive/Master/Spring2024/GIthub/eece5500/project3/src/TopLevel.vhd Line: 7
Info (12021): Found 2 design units, including 1 entities, in source file /users/luis d. pena mateo/onedrive/master/spring2024/github/eece5500/project3/src/synchronizer.vhd
    Info (12022): Found design unit 1: synchronizer-behavior File: C:/Users/Luis D. Pena Mateo/OneDrive/Master/Spring2024/GIthub/eece5500/project3/src/synchronizer.vhd Line: 16
    Info (12023): Found entity 1: synchronizer File: C:/Users/Luis D. Pena Mateo/OneDrive/Master/Spring2024/GIthub/eece5500/project3/src/synchronizer.vhd Line: 4
Info (12021): Found 2 design units, including 1 entities, in source file /users/luis d. pena mateo/onedrive/master/spring2024/github/eece5500/project3/src/syncbridge.vhd
    Info (12022): Found design unit 1: SyncBridge-behavior File: C:/Users/Luis D. Pena Mateo/OneDrive/Master/Spring2024/GIthub/eece5500/project3/src/SyncBridge.vhd Line: 23
    Info (12023): Found entity 1: SyncBridge File: C:/Users/Luis D. Pena Mateo/OneDrive/Master/Spring2024/GIthub/eece5500/project3/src/SyncBridge.vhd Line: 7
Info (12021): Found 2 design units, including 1 entities, in source file /users/luis d. pena mateo/onedrive/master/spring2024/github/eece5500/project3/src/sevensegmentdriver.vhd
    Info (12022): Found design unit 1: SevenSegmentDriver-rtl File: C:/Users/Luis D. Pena Mateo/OneDrive/Master/Spring2024/GIthub/eece5500/project3/src/SevenSegmentDriver.vhd Line: 14
    Info (12023): Found entity 1: SevenSegmentDriver File: C:/Users/Luis D. Pena Mateo/OneDrive/Master/Spring2024/GIthub/eece5500/project3/src/SevenSegmentDriver.vhd Line: 5
Info (12021): Found 2 design units, including 0 entities, in source file /users/luis d. pena mateo/onedrive/master/spring2024/github/eece5500/project3/src/sevensegdecoderpackage.vhd
    Info (12022): Found design unit 1: SevenSegDecoderPackage File: C:/Users/Luis D. Pena Mateo/OneDrive/Master/Spring2024/GIthub/eece5500/project3/src/SevenSegDecoderPackage.vhd Line: 4
    Info (12022): Found design unit 2: SevenSegDecoderPackage-body File: C:/Users/Luis D. Pena Mateo/OneDrive/Master/Spring2024/GIthub/eece5500/project3/src/SevenSegDecoderPackage.vhd Line: 52
Info (12021): Found 1 design units, including 0 entities, in source file /users/luis d. pena mateo/onedrive/master/spring2024/github/eece5500/project3/src/projectpackage.vhd
    Info (12022): Found design unit 1: ProjectPackage File: C:/Users/Luis D. Pena Mateo/OneDrive/Master/Spring2024/GIthub/eece5500/project3/src/ProjectPackage.vhd Line: 6
Info (12021): Found 2 design units, including 1 entities, in source file /users/luis d. pena mateo/onedrive/master/spring2024/github/eece5500/project3/src/max10_adc.vhd
    Info (12022): Found design unit 1: max10_adc-wrapper File: C:/Users/Luis D. Pena Mateo/OneDrive/Master/Spring2024/GIthub/eece5500/project3/src/max10_adc.vhd Line: 31
    Info (12023): Found entity 1: max10_adc File: C:/Users/Luis D. Pena Mateo/OneDrive/Master/Spring2024/GIthub/eece5500/project3/src/max10_adc.vhd Line: 19
Info (12021): Found 2 design units, including 1 entities, in source file /users/luis d. pena mateo/onedrive/master/spring2024/github/eece5500/project3/src/gray_to_bin.vhd
    Info (12022): Found design unit 1: gray_to_bin-rtl File: C:/Users/Luis D. Pena Mateo/OneDrive/Master/Spring2024/GIthub/eece5500/project3/src/gray_to_bin.vhd Line: 17
    Info (12023): Found entity 1: gray_to_bin File: C:/Users/Luis D. Pena Mateo/OneDrive/Master/Spring2024/GIthub/eece5500/project3/src/gray_to_bin.vhd Line: 4
Info (12021): Found 2 design units, including 1 entities, in source file /users/luis d. pena mateo/onedrive/master/spring2024/github/eece5500/project3/src/flip_flop.vhd
    Info (12022): Found design unit 1: flip_flop-behavior File: C:/Users/Luis D. Pena Mateo/OneDrive/Master/Spring2024/GIthub/eece5500/project3/src/flip_flop.vhd Line: 14
    Info (12023): Found entity 1: flip_flop File: C:/Users/Luis D. Pena Mateo/OneDrive/Master/Spring2024/GIthub/eece5500/project3/src/flip_flop.vhd Line: 4
Info (12021): Found 2 design units, including 1 entities, in source file /users/luis d. pena mateo/onedrive/master/spring2024/github/eece5500/project3/src/bin_to_gray.vhd
    Info (12022): Found design unit 1: bin_to_gray-rtl File: C:/Users/Luis D. Pena Mateo/OneDrive/Master/Spring2024/GIthub/eece5500/project3/src/bin_to_gray.vhd Line: 17
    Info (12023): Found entity 1: bin_to_gray File: C:/Users/Luis D. Pena Mateo/OneDrive/Master/Spring2024/GIthub/eece5500/project3/src/bin_to_gray.vhd Line: 4
Info (12021): Found 2 design units, including 1 entities, in source file /users/luis d. pena mateo/onedrive/master/spring2024/github/eece5500/project3/src/adccontrolunit.vhd
    Info (12022): Found design unit 1: ADCControlUnit-behavior File: C:/Users/Luis D. Pena Mateo/OneDrive/Master/Spring2024/GIthub/eece5500/project3/src/ADCControlUnit.vhd Line: 20
    Info (12023): Found entity 1: ADCControlUnit File: C:/Users/Luis D. Pena Mateo/OneDrive/Master/Spring2024/GIthub/eece5500/project3/src/ADCControlUnit.vhd Line: 4
Error (10476): VHDL error at TopLevel.vhd(43): type of identifier "ADC_MODE" does not agree with its usage as "std_logic" type File: C:/Users/Luis D. Pena Mateo/OneDrive/Master/Spring2024/GIthub/eece5500/project3/src/TopLevel.vhd Line: 43
Error (10349): VHDL Association List error at TopLevel.vhd(45): formal "econv" does not exist File: C:/Users/Luis D. Pena Mateo/OneDrive/Master/Spring2024/GIthub/eece5500/project3/src/TopLevel.vhd Line: 45
Error (10346): VHDL error at TopLevel.vhd(38): formal port or parameter "chsel" must have actual or default value File: C:/Users/Luis D. Pena Mateo/OneDrive/Master/Spring2024/GIthub/eece5500/project3/src/TopLevel.vhd Line: 38
Error (10784): HDL error at max10_adc.vhd(22): see declaration for object "chsel" File: C:/Users/Luis D. Pena Mateo/OneDrive/Master/Spring2024/GIthub/eece5500/project3/src/max10_adc.vhd Line: 22
Error: Quartus Prime Analysis & Synthesis was unsuccessful. 4 errors, 1 warning
    Error: Peak virtual memory: 4777 megabytes
    Error: Processing ended: Wed Apr  3 05:10:51 2024
    Error: Elapsed time: 00:00:09
    Error: Total CPU time (on all processors): 00:00:11


